18:20:20 [1] LAUNCH mylogger ./log/login
18:20:20 [2] LAUNCH snlua bootstrap
18:20:20 [3] LAUNCH snlua launcher
18:20:20 [4] LAUNCH snlua cdummy
18:20:20 [5] LAUNCH harbor 0 4
18:20:20 [6] LAUNCH snlua datacenterd
18:20:20 [7] LAUNCH snlua service_mgr
18:20:20 [8] LAUNCH snlua main
18:20:20 [9] LAUNCH snlua snaxd mongod
18:20:20 [8] {
	["playerId"] = 1234,
	["_id"] = "
18:20:20 [8] KILL self
18:20:20 [2] KILL self
18:21:55 [1] LAUNCH mylogger ./log/login
18:21:55 [2] LAUNCH snlua bootstrap
18:21:55 [3] LAUNCH snlua launcher
18:21:55 [4] LAUNCH snlua cdummy
18:21:55 [5] LAUNCH harbor 0 4
18:21:55 [6] LAUNCH snlua datacenterd
18:21:55 [7] LAUNCH snlua service_mgr
18:21:55 [8] LAUNCH snlua main
18:21:55 [9] LAUNCH snlua snaxd mongod
18:21:55 [8] ---------login start---------
18:21:55 [8] KILL self
18:21:55 [2] KILL self
18:22:06 [1] LAUNCH mylogger ./log/login
18:22:06 [2] LAUNCH snlua bootstrap
18:22:06 [3] LAUNCH snlua launcher
18:22:06 [4] LAUNCH snlua cdummy
18:22:06 [5] LAUNCH harbor 0 4
18:22:06 [6] LAUNCH snlua datacenterd
18:22:06 [7] LAUNCH snlua service_mgr
18:22:06 [8] LAUNCH snlua main
18:22:06 [9] LAUNCH snlua snaxd mongod
18:22:06 [8] ---------login start---------
18:22:06 [8] KILL self
18:22:06 [2] KILL self
18:22:37 [1] LAUNCH mylogger ./log/login
18:22:37 [2] LAUNCH snlua bootstrap
18:22:37 [3] LAUNCH snlua launcher
18:22:37 [4] LAUNCH snlua cdummy
18:22:37 [5] LAUNCH harbor 0 4
18:22:37 [6] LAUNCH snlua datacenterd
18:22:37 [7] LAUNCH snlua service_mgr
18:22:37 [8] LAUNCH snlua main
18:22:37 [9] LAUNCH snlua snaxd mongod
18:22:37 [8] ---------login start---------
18:22:37 [8] KILL self
18:22:37 [2] KILL self
18:22:41 [1] LAUNCH mylogger ./log/login
18:22:41 [2] LAUNCH snlua bootstrap
18:22:41 [3] LAUNCH snlua launcher
18:22:41 [4] LAUNCH snlua cdummy
18:22:41 [5] LAUNCH harbor 0 4
18:22:41 [6] LAUNCH snlua datacenterd
18:22:41 [7] LAUNCH snlua service_mgr
18:22:41 [8] LAUNCH snlua main
18:22:41 [9] LAUNCH snlua snaxd mongod
18:22:41 [8] ---------login start---------
18:22:41 [8] KILL self
18:22:41 [2] KILL self
18:22:44 [1] LAUNCH mylogger ./log/login
18:22:44 [2] LAUNCH snlua bootstrap
18:22:44 [3] LAUNCH snlua launcher
18:22:44 [4] LAUNCH snlua cdummy
18:22:44 [5] LAUNCH harbor 0 4
18:22:44 [6] LAUNCH snlua datacenterd
18:22:44 [7] LAUNCH snlua service_mgr
18:22:44 [8] LAUNCH snlua main
18:22:44 [9] LAUNCH snlua snaxd mongod
18:22:44 [8] ---------login start---------
18:22:44 [8] KILL self
18:22:44 [2] KILL self
18:22:58 [1] LAUNCH mylogger ./log/login
18:22:58 [2] LAUNCH snlua bootstrap
18:22:58 [3] LAUNCH snlua launcher
18:22:58 [4] LAUNCH snlua cdummy
18:22:58 [5] LAUNCH harbor 0 4
18:22:58 [6] LAUNCH snlua datacenterd
18:22:58 [7] LAUNCH snlua service_mgr
18:22:58 [8] LAUNCH snlua main
18:22:58 [9] LAUNCH snlua snaxd mongod
18:22:58 [8] ---------login start---------
18:22:58 [8] KILL self
18:22:58 [2] KILL self
18:23:00 [1] LAUNCH mylogger ./log/login
18:23:00 [2] LAUNCH snlua bootstrap
18:23:00 [3] LAUNCH snlua launcher
18:23:00 [4] LAUNCH snlua cdummy
18:23:00 [5] LAUNCH harbor 0 4
18:23:00 [6] LAUNCH snlua datacenterd
18:23:00 [7] LAUNCH snlua service_mgr
18:23:00 [8] LAUNCH snlua main
18:23:00 [9] LAUNCH snlua snaxd mongod
18:23:00 [8] ---------login start---------
18:23:00 [8] KILL self
18:23:00 [2] KILL self
18:23:03 [1] LAUNCH mylogger ./log/login
18:23:03 [2] LAUNCH snlua bootstrap
18:23:03 [3] LAUNCH snlua launcher
18:23:03 [4] LAUNCH snlua cdummy
18:23:03 [5] LAUNCH harbor 0 4
18:23:03 [6] LAUNCH snlua datacenterd
18:23:03 [7] LAUNCH snlua service_mgr
18:23:03 [8] LAUNCH snlua main
18:23:03 [9] LAUNCH snlua snaxd mongod
18:23:03 [8] ---------login start---------
18:23:03 [8] KILL self
18:23:03 [2] KILL self
18:32:44 [1] LAUNCH mylogger ./log/login
18:32:44 [2] LAUNCH snlua bootstrap
18:32:44 [3] LAUNCH snlua launcher
18:32:44 [4] LAUNCH snlua cdummy
18:32:44 [5] LAUNCH harbor 0 4
18:32:44 [6] LAUNCH snlua datacenterd
18:32:44 [7] LAUNCH snlua service_mgr
18:32:44 [8] LAUNCH snlua main
18:32:44 [9] LAUNCH snlua snaxd mongod
18:32:44 [a] LAUNCH snlua logind
18:32:44 [a] lua loader error : ./login/logind.lua:4: module 'snax' not found:
	no field package.preload['snax']
	no file './lualib/snax.lua'
	no file './skynet/lualib/snax.lua'
	no file './skynet/lualib/snax/init.lua'
	no file './login/snax.lua'
	no file './skynet/luaclib/snax.so'
	no file './luaclib/snax.so'
stack traceback:
	[C]: in function 'require'
	./login/logind.lua:4: in local 'main'
	./skynet/lualib/loader.lua:48: in main chunk
18:32:44 [a] KILL self
18:32:44 [8] init service failed: ./skynet/lualib/skynet.lua:654: ./skynet/service/service_mgr.lua:25: ./skynet/lualib/skynet.lua:371: call failed
stack traceback:
	[C]: in function 'assert'
	./skynet/lualib/skynet.lua:654: in function 'skynet.manager.uniqueservice'
	./login/main.lua:18: in local 'start'
	./skynet/lualib/skynet.lua:747: in function <./skynet/lualib/skynet.lua:744>
	[C]: in function 'xpcall'
	./skynet/lualib/skynet.lua:751: in function 'skynet.manager.pcall'
	./skynet/lualib/skynet.lua:755: in function 'skynet.manager.init_service'
	./skynet/lualib/skynet.lua:768: in upvalue 'f'
	./skynet/lualib/skynet.lua:127: in function <./skynet/lualib/skynet.lua:126>
18:32:44 [8] KILL self
18:32:44 [2] KILL self
18:33:01 [1] LAUNCH mylogger ./log/login
18:33:01 [2] LAUNCH snlua bootstrap
18:33:01 [3] LAUNCH snlua launcher
18:33:01 [4] LAUNCH snlua cdummy
18:33:01 [5] LAUNCH harbor 0 4
18:33:01 [6] LAUNCH snlua datacenterd
18:33:01 [7] LAUNCH snlua service_mgr
18:33:01 [8] LAUNCH snlua main
18:33:01 [9] LAUNCH snlua snaxd mongod
18:33:02 [a] LAUNCH snlua logind
18:33:02 [a] lua call [8 to :a : 5 msgsz = 6] error : [31m./skynet/lualib/skynet.lua:643: ./skynet/lualib/skynet.lua:197: ./login/logind.lua:31: source::00000008, command:start
stack traceback:
	[C]: in function 'assert'
	./login/logind.lua:31: in upvalue 'f'
	./skynet/lualib/skynet.lua:154: in function <./skynet/lualib/skynet.lua:126>
stack traceback:
	[C]: in function 'assert'
	./skynet/lualib/skynet.lua:643: in function 'skynet.dispatch_message'[0m
18:33:02 [8] init service failed: ./skynet/lualib/skynet.lua:371: call failed
stack traceback:
	[C]: in function 'error'
	./skynet/lualib/skynet.lua:371: in upvalue 'yield_call'
	./skynet/lualib/skynet.lua:388: in function 'skynet.manager.call'
	./login/main.lua:20: in local 'start'
	./skynet/lualib/skynet.lua:747: in function <./skynet/lualib/skynet.lua:744>
	[C]: in function 'xpcall'
	./skynet/lualib/skynet.lua:751: in function 'skynet.manager.pcall'
	./skynet/lualib/skynet.lua:755: in function 'skynet.manager.init_service'
	./skynet/lualib/skynet.lua:768: in upvalue 'f'
	./skynet/lualib/skynet.lua:127: in function <./skynet/lualib/skynet.lua:126>
18:33:02 [8] KILL self
18:33:02 [2] KILL self
18:34:16 [1] LAUNCH mylogger ./log/login
18:34:16 [2] LAUNCH snlua bootstrap
18:34:16 [3] LAUNCH snlua launcher
18:34:16 [4] LAUNCH snlua cdummy
18:34:16 [5] LAUNCH harbor 0 4
18:34:16 [6] LAUNCH snlua datacenterd
18:34:16 [7] LAUNCH snlua service_mgr
18:34:16 [8] LAUNCH snlua main
18:34:16 [9] LAUNCH snlua snaxd mongod
18:34:16 [a] LAUNCH snlua logind
18:34:16 [a] lua call [8 to :a : 5 msgsz = 38] error : [31m./skynet/lualib/skynet.lua:643: ./skynet/lualib/skynet.lua:197: ./login/logind.lua:32: attempt to call a nil value (global 'f')
stack traceback:
	./login/logind.lua:32: in upvalue 'f'
	./skynet/lualib/skynet.lua:154: in function <./skynet/lualib/skynet.lua:126>
stack traceback:
	[C]: in function 'assert'
	./skynet/lualib/skynet.lua:643: in function 'skynet.dispatch_message'[0m
18:34:16 [8] init service failed: ./skynet/lualib/skynet.lua:371: call failed
stack traceback:
	[C]: in function 'error'
	./skynet/lualib/skynet.lua:371: in upvalue 'yield_call'
	./skynet/lualib/skynet.lua:388: in function 'skynet.manager.call'
	./login/main.lua:20: in local 'start'
	./skynet/lualib/skynet.lua:747: in function <./skynet/lualib/skynet.lua:744>
	[C]: in function 'xpcall'
	./skynet/lualib/skynet.lua:751: in function 'skynet.manager.pcall'
	./skynet/lualib/skynet.lua:755: in function 'skynet.manager.init_service'
	./skynet/lualib/skynet.lua:768: in upvalue 'f'
	./skynet/lualib/skynet.lua:127: in function <./skynet/lualib/skynet.lua:126>
18:34:16 [8] KILL self
18:34:16 [2] KILL self
18:34:27 [1] LAUNCH mylogger ./log/login
18:34:27 [2] LAUNCH snlua bootstrap
18:34:27 [3] LAUNCH snlua launcher
18:34:27 [4] LAUNCH snlua cdummy
18:34:27 [5] LAUNCH harbor 0 4
18:34:27 [6] LAUNCH snlua datacenterd
18:34:27 [7] LAUNCH snlua service_mgr
18:34:27 [8] LAUNCH snlua main
18:34:27 [9] LAUNCH snlua snaxd mongod
18:34:27 [a] LAUNCH snlua logind
18:34:27 [a] Login#start "hello"
18:34:27 [8] ---------login start---------
18:34:27 [8] KILL self
18:34:27 [2] KILL self
18:35:05 [1] LAUNCH mylogger ./log/login
18:35:05 [2] LAUNCH snlua bootstrap
18:35:05 [3] LAUNCH snlua launcher
18:35:05 [4] LAUNCH snlua cdummy
18:35:05 [5] LAUNCH harbor 0 4
18:35:05 [6] LAUNCH snlua datacenterd
18:35:05 [7] LAUNCH snlua service_mgr
18:35:05 [8] LAUNCH snlua main
18:35:05 [9] LAUNCH snlua snaxd mongod
18:35:05 [a] LAUNCH snlua logind
18:35:05 [a] Login#start {
	["playerId"] = 1234,
	["source"] = "test",
}
18:35:05 [8] ---------login start---------
18:35:05 [8] KILL self
18:35:05 [2] KILL self
18:35:17 [1] LAUNCH mylogger ./log/login
18:35:17 [2] LAUNCH snlua bootstrap
18:35:17 [3] LAUNCH snlua launcher
18:35:17 [4] LAUNCH snlua cdummy
18:35:17 [5] LAUNCH harbor 0 4
18:35:17 [6] LAUNCH snlua datacenterd
18:35:17 [7] LAUNCH snlua service_mgr
18:35:17 [8] LAUNCH snlua main
18:35:17 [9] LAUNCH snlua snaxd mongod
18:35:17 [a] LAUNCH snlua logind
18:35:17 [a] Login#start hello {
	["playerId"] = 1234,
	["source"] = "test",
}
18:35:17 [8] ---------login start---------
18:35:17 [8] KILL self
18:35:17 [2] KILL self
